# JRE version: OpenJDK Runtime Environment (8.0_152-b01) (build 1.8.0_152-release-1024-b01)
# Java VM: OpenJDK 64-Bit Server VM (25.152-b01 mixed mode linux-amd64 compressed oops)
Heap:
 PSYoungGen      total 371200K, used 0K [0x00000000e0000000, 0x00000000fb300000, 0x0000000100000000)
  eden space 324608K, 0% used [0x00000000e0000000,0x00000000e0000000,0x00000000f3d00000)
  from space 46592K, 0% used [0x00000000f3d00000,0x00000000f3d00000,0x00000000f6a80000)
  to   space 44032K, 0% used [0x00000000f8800000,0x00000000f8800000,0x00000000fb300000)
 ParOldGen       total 150528K, used 112462K [0x00000000a0000000, 0x00000000a9300000, 0x00000000e0000000)
  object space 150528K, 74% used [0x00000000a0000000,0x00000000a6dd3bc8,0x00000000a9300000)
 Metaspace       used 155877K, capacity 163754K, committed 163916K, reserved 1191936K
  class space    used 20133K, capacity 21790K, committed 21836K, reserved 1048576K
GC Heap History (10 events):
Event: 128.002 GC heap after
Heap after GC invocations=27 (full 4):
 PSYoungGen      total 269824K, used 21853K [0x00000000e0000000, 0x00000000f5d00000, 0x0000000100000000)
  eden space 241664K, 0% used [0x00000000e0000000,0x00000000e0000000,0x00000000eec00000)
  from space 28160K, 77% used [0x00000000eec00000,0x00000000f0157540,0x00000000f0780000)
  to   space 30720K, 0% used [0x00000000f3f00000,0x00000000f3f00000,0x00000000f5d00000)
 ParOldGen       total 150528K, used 63295K [0x00000000a0000000, 0x00000000a9300000, 0x00000000e0000000)
  object space 150528K, 42% used [0x00000000a0000000,0x00000000a3dcfda8,0x00000000a9300000)
 Metaspace       used 104144K, capacity 108888K, committed 109056K, reserved 1144832K
  class space    used 13452K, capacity 14484K, committed 14592K, reserved 1048576K
}
Event: 134.637 GC heap before
{Heap before GC invocations=28 (full 4):
 PSYoungGen      total 269824K, used 263517K [0x00000000e0000000, 0x00000000f5d00000, 0x0000000100000000)
  eden space 241664K, 100% used [0x00000000e0000000,0x00000000eec00000,0x00000000eec00000)
  from space 28160K, 77% used [0x00000000eec00000,0x00000000f0157540,0x00000000f0780000)
  to   space 30720K, 0% used [0x00000000f3f00000,0x00000000f3f00000,0x00000000f5d00000)
 ParOldGen       total 150528K, used 63295K [0x00000000a0000000, 0x00000000a9300000, 0x00000000e0000000)
  object space 150528K, 42% used [0x00000000a0000000,0x00000000a3dcfda8,0x00000000a9300000)
 Metaspace       used 113629K, capacity 119172K, committed 119424K, reserved 1153024K
  class space    used 14782K, capacity 15967K, committed 16000K, reserved 1048576K
Event: 134.718 GC heap after
Heap after GC invocations=28 (full 4):
 PSYoungGen      total 322048K, used 30352K [0x00000000e0000000, 0x00000000f6280000, 0x0000000100000000)
  eden space 291328K, 0% used [0x00000000e0000000,0x00000000e0000000,0x00000000f1c80000)
  from space 30720K, 98% used [0x00000000f3f00000,0x00000000f5ca4160,0x00000000f5d00000)
  to   space 35328K, 0% used [0x00000000f1c80000,0x00000000f1c80000,0x00000000f3f00000)
 ParOldGen       total 150528K, used 76487K [0x00000000a0000000, 0x00000000a9300000, 0x00000000e0000000)
  object space 150528K, 50% used [0x00000000a0000000,0x00000000a4ab1f78,0x00000000a9300000)
 Metaspace       used 113629K, capacity 119172K, committed 119424K, reserved 1153024K
  class space    used 14782K, capacity 15967K, committed 16000K, reserved 1048576K
}
Event: 228.493 GC heap before
{Heap before GC invocations=29 (full 4):
 PSYoungGen      total 322048K, used 321680K [0x00000000e0000000, 0x00000000f6280000, 0x0000000100000000)
  eden space 291328K, 100% used [0x00000000e0000000,0x00000000f1c80000,0x00000000f1c80000)
  from space 30720K, 98% used [0x00000000f3f00000,0x00000000f5ca4160,0x00000000f5d00000)
  to   space 35328K, 0% used [0x00000000f1c80000,0x00000000f1c80000,0x00000000f3f00000)
 ParOldGen       total 150528K, used 76487K [0x00000000a0000000, 0x00000000a9300000, 0x00000000e0000000)
  object space 150528K, 50% used [0x00000000a0000000,0x00000000a4ab1f78,0x00000000a9300000)
 Metaspace       used 129221K, capacity 135772K, committed 135936K, reserved 1167360K
  class space    used 16749K, capacity 18109K, committed 18176K, reserved 1048576K
Event: 228.575 GC heap after
Heap after GC invocations=29 (full 4):
 PSYoungGen      total 326656K, used 32018K [0x00000000e0000000, 0x00000000f9180000, 0x0000000100000000)
  eden space 291328K, 0% used [0x00000000e0000000,0x00000000e0000000,0x00000000f1c80000)
  from space 35328K, 90% used [0x00000000f1c80000,0x00000000f3bc4b58,0x00000000f3f00000)
  to   space 39936K, 0% used [0x00000000f6a80000,0x00000000f6a80000,0x00000000f9180000)
 ParOldGen       total 150528K, used 84936K [0x00000000a0000000, 0x00000000a9300000, 0x00000000e0000000)
  object space 150528K, 56% used [0x00000000a0000000,0x00000000a52f2040,0x00000000a9300000)
 Metaspace       used 129221K, capacity 135772K, committed 135936K, reserved 1167360K
  class space    used 16749K, capacity 18109K, committed 18176K, reserved 1048576K
}
Event: 247.981 GC heap before
{Heap before GC invocations=30 (full 4):
 PSYoungGen      total 326656K, used 323346K [0x00000000e0000000, 0x00000000f9180000, 0x0000000100000000)
  eden space 291328K, 100% used [0x00000000e0000000,0x00000000f1c80000,0x00000000f1c80000)
  from space 35328K, 90% used [0x00000000f1c80000,0x00000000f3bc4b58,0x00000000f3f00000)
  to   space 39936K, 0% used [0x00000000f6a80000,0x00000000f6a80000,0x00000000f9180000)
 ParOldGen       total 150528K, used 84936K [0x00000000a0000000, 0x00000000a9300000, 0x00000000e0000000)
  object space 150528K, 56% used [0x00000000a0000000,0x00000000a52f2040,0x00000000a9300000)
 Metaspace       used 145847K, capacity 153364K, committed 153472K, reserved 1181696K
  class space    used 18782K, capacity 20335K, committed 20352K, reserved 1048576K
Event: 248.036 GC heap after
Heap after GC invocations=30 (full 4):
 PSYoungGen      total 364544K, used 39932K [0x00000000e0000000, 0x00000000f9a00000, 0x0000000100000000)
  eden space 324608K, 0% used [0x00000000e0000000,0x00000000e0000000,0x00000000f3d00000)
  from space 39936K, 99% used [0x00000000f6a80000,0x00000000f917f2d8,0x00000000f9180000)
  to   space 46592K, 0% used [0x00000000f3d00000,0x00000000f3d00000,0x00000000f6a80000)
 ParOldGen       total 150528K, used 85157K [0x00000000a0000000, 0x00000000a9300000, 0x00000000e0000000)
  object space 150528K, 56% used [0x00000000a0000000,0x00000000a5329548,0x00000000a9300000)
 Metaspace       used 145847K, capacity 153364K, committed 153472K, reserved 1181696K
  class space    used 18782K, capacity 20335K, committed 20352K, reserved 1048576K
}
Event: 382.256 GC heap before
{Heap before GC invocations=31 (full 4):
 PSYoungGen      total 364544K, used 179673K [0x00000000e0000000, 0x00000000f9a00000, 0x0000000100000000)
  eden space 324608K, 43% used [0x00000000e0000000,0x00000000e8877420,0x00000000f3d00000)
  from space 39936K, 99% used [0x00000000f6a80000,0x00000000f917f2d8,0x00000000f9180000)
  to   space 46592K, 0% used [0x00000000f3d00000,0x00000000f3d00000,0x00000000f6a80000)
 ParOldGen       total 150528K, used 85157K [0x00000000a0000000, 0x00000000a9300000, 0x00000000e0000000)
  object space 150528K, 56% used [0x00000000a0000000,0x00000000a5329548,0x00000000a9300000)
 Metaspace       used 155900K, capacity 163842K, committed 163916K, reserved 1191936K
  class space    used 20140K, capacity 21798K, committed 21836K, reserved 1048576K
Event: 382.350 GC heap after
Heap after GC invocations=31 (full 4):
 PSYoungGen      total 371200K, used 17980K [0x00000000e0000000, 0x00000000fb300000, 0x0000000100000000)
  eden space 324608K, 0% used [0x00000000e0000000,0x00000000e0000000,0x00000000f3d00000)
  from space 46592K, 38% used [0x00000000f3d00000,0x00000000f4e8f2b0,0x00000000f6a80000)
  to   space 44032K, 0% used [0x00000000f8800000,0x00000000f8800000,0x00000000fb300000)
 ParOldGen       total 150528K, used 106926K [0x00000000a0000000, 0x00000000a9300000, 0x00000000e0000000)
  object space 150528K, 71% used [0x00000000a0000000,0x00000000a686b9d8,0x00000000a9300000)
 Metaspace       used 155900K, capacity 163842K, committed 163916K, reserved 1191936K
  class space    used 20140K, capacity 21798K, committed 21836K, reserved 1048576K
}
Event: 382.350 GC heap before
{Heap before GC invocations=32 (full 5):
 PSYoungGen      total 371200K, used 17980K [0x00000000e0000000, 0x00000000fb300000, 0x0000000100000000)
  eden space 324608K, 0% used [0x00000000e0000000,0x00000000e0000000,0x00000000f3d00000)
  from space 46592K, 38% used [0x00000000f3d00000,0x00000000f4e8f2b0,0x00000000f6a80000)
  to   space 44032K, 0% used [0x00000000f8800000,0x00000000f8800000,0x00000000fb300000)
 ParOldGen       total 150528K, used 106926K [0x00000000a0000000, 0x00000000a9300000, 0x00000000e0000000)
  object space 150528K, 71% used [0x00000000a0000000,0x00000000a686b9d8,0x00000000a9300000)
 Metaspace       used 155900K, capacity 163842K, committed 163916K, reserved 1191936K
  class space    used 20140K, capacity 21798K, committed 21836K, reserved 1048576K

